<?xml version="1.0" encoding="UTF-8"?>
<!-- Generated by org.testng.reporters.JUnitXMLReporter -->
<testsuite ignored="0" hostname="US-7TG4XM3" failures="0" tests="4" name="Test" time="0.058" errors="0" timestamp="2022-12-04T11:41:55 PST">
  <testcase classname="Scripts.Testcase1" name="tc1" time="0.015"/>
  <testcase classname="Scripts.Testcase4" name="tc4" time="0.002"/>
  <testcase classname="Scripts.Testcase2" name="tc2" time="0.001"/>
  <testcase classname="Scripts.Testcase3" name="tc3" time="0.002"/>
</testsuite> <!-- Test -->
